<?xml version="1.0" encoding="UTF-8"?>
<testng-results skipped="0" failed="0" total="8" passed="8">
  <reporter-output>
  </reporter-output>
  <suite name="Default suite" duration-ms="61135" started-at="2015-07-21T10:35:24Z" finished-at="2015-07-21T10:36:25Z">
    <groups>
    </groups>
    <test name="Default test" duration-ms="61135" started-at="2015-07-21T10:35:24Z" finished-at="2015-07-21T10:36:25Z">
      <class name="HomePackage.HomeClass">
        <test-method status="PASS" signature="openSalesforce()[pri:0, instance:HomePackage.HomeClass@6283d8b8]" name="openSalesforce" is-config="true" duration-ms="2524" started-at="2015-07-21T11:35:24Z" finished-at="2015-07-21T11:35:26Z">
          <reporter-output>
          </reporter-output>
        </test-method> <!-- openSalesforce -->
        <test-method status="PASS" signature="loginSalesforce()[pri:0, instance:HomePackage.HomeClass@6283d8b8]" name="loginSalesforce" duration-ms="10011" started-at="2015-07-21T11:35:26Z" finished-at="2015-07-21T11:35:36Z">
          <reporter-output>
          </reporter-output>
        </test-method> <!-- loginSalesforce -->
        <test-method status="PASS" signature="createLead()[pri:0, instance:HomePackage.HomeClass@6283d8b8]" name="createLead" duration-ms="6785" started-at="2015-07-21T11:35:36Z" finished-at="2015-07-21T11:35:43Z">
          <reporter-output>
          </reporter-output>
        </test-method> <!-- createLead -->
        <test-method status="PASS" signature="verifyLeadCreated()[pri:0, instance:HomePackage.HomeClass@6283d8b8]" name="verifyLeadCreated" duration-ms="379" started-at="2015-07-21T11:35:43Z" finished-at="2015-07-21T11:35:43Z">
          <reporter-output>
          </reporter-output>
        </test-method> <!-- verifyLeadCreated -->
        <test-method status="PASS" signature="AddCustomerPack()[pri:0, instance:HomePackage.HomeClass@6283d8b8]" name="AddCustomerPack" duration-ms="8191" started-at="2015-07-21T11:35:43Z" finished-at="2015-07-21T11:35:51Z">
          <reporter-output>
          </reporter-output>
        </test-method> <!-- AddCustomerPack -->
        <test-method status="PASS" signature="AddCustomerPackSelfie()[pri:0, instance:HomePackage.HomeClass@6283d8b8]" name="AddCustomerPackSelfie" duration-ms="7793" started-at="2015-07-21T11:35:51Z" finished-at="2015-07-21T11:35:59Z">
          <reporter-output>
          </reporter-output>
        </test-method> <!-- AddCustomerPackSelfie -->
        <test-method status="PASS" signature="AddAddress()[pri:0, instance:HomePackage.HomeClass@6283d8b8]" name="AddAddress" duration-ms="10535" started-at="2015-07-21T11:35:59Z" finished-at="2015-07-21T11:36:10Z">
          <reporter-output>
          </reporter-output>
        </test-method> <!-- AddAddress -->
        <test-method status="PASS" signature="AddJobLead()[pri:0, instance:HomePackage.HomeClass@6283d8b8]" name="AddJobLead" duration-ms="6735" started-at="2015-07-21T11:36:10Z" finished-at="2015-07-21T11:36:16Z">
          <reporter-output>
          </reporter-output>
        </test-method> <!-- AddJobLead -->
        <test-method status="PASS" signature="ConvertLead()[pri:0, instance:HomePackage.HomeClass@6283d8b8]" name="ConvertLead" duration-ms="8062" started-at="2015-07-21T11:36:16Z" finished-at="2015-07-21T11:36:25Z">
          <reporter-output>
          </reporter-output>
        </test-method> <!-- ConvertLead -->
        <test-method status="PASS" signature="closeBrowser()[pri:0, instance:HomePackage.HomeClass@6283d8b8]" name="closeBrowser" is-config="true" duration-ms="105" started-at="2015-07-21T11:36:25Z" finished-at="2015-07-21T11:36:25Z">
          <reporter-output>
          </reporter-output>
        </test-method> <!-- closeBrowser -->
      </class> <!-- HomePackage.HomeClass -->
    </test> <!-- Default test -->
  </suite> <!-- Default suite -->
</testng-results>
