<?xml version="1.0" encoding="UTF-8"?>
<!-- Generated by org.testng.reporters.JUnitXMLReporter -->
<testsuite hostname="C312861.local" name="Default test" tests="8" failures="0" timestamp="21 Jul 2015 10:36:25 GMT" time="61.135" errors="0">
  <testcase name="loginSalesforce" time="10.011" classname="HomePackage.HomeClass"/>
  <testcase name="createLead" time="6.785" classname="HomePackage.HomeClass"/>
  <testcase name="verifyLeadCreated" time="0.379" classname="HomePackage.HomeClass"/>
  <testcase name="AddCustomerPack" time="8.191" classname="HomePackage.HomeClass"/>
  <testcase name="AddCustomerPackSelfie" time="7.793" classname="HomePackage.HomeClass"/>
  <testcase name="AddAddress" time="10.535" classname="HomePackage.HomeClass"/>
  <testcase name="AddJobLead" time="6.735" classname="HomePackage.HomeClass"/>
  <testcase name="ConvertLead" time="8.062" classname="HomePackage.HomeClass"/>
</testsuite> <!-- Default test -->
